This is pdfTeX, Version 3.14159265-2.6-1.40.18 (TeX Live 2017/Debian) (preloaded format=pdflatex 2019.3.6)  22 MAY 2020 09:36
entering extended mode
 restricted \write18 enabled.
 %&-line parsing enabled.
**passage_supp_figures.tex
(./passage_supp_figures.tex
LaTeX2e <2017-04-15>
Babel <3.18> and hyphenation patterns for 84 language(s) loaded.
(/usr/share/texlive/texmf-dist/tex/latex/base/article.cls
Document Class: article 2014/09/29 v1.4h Standard LaTeX document class
(/usr/share/texlive/texmf-dist/tex/latex/base/size10.clo
File: size10.clo 2014/09/29 v1.4h Standard LaTeX file (size option)
)
\c@part=\count79
\c@section=\count80
\c@subsection=\count81
\c@subsubsection=\count82
\c@paragraph=\count83
\c@subparagraph=\count84
\c@figure=\count85
\c@table=\count86
\abovecaptionskip=\skip41
\belowcaptionskip=\skip42
\bibindent=\dimen102
)
(/usr/share/texlive/texmf-dist/tex/generic/babel/babel.sty
Package: babel 2018/02/14 3.18 The Babel package

(/usr/share/texlive/texmf-dist/tex/generic/babel/switch.def
File: switch.def 2018/02/14 3.18 Babel switching mechanism
)
(/usr/share/texlive/texmf-dist/tex/generic/babel-english/english.ldf
Language: english 2017/06/06 v3.3r English support from the babel system

(/usr/share/texlive/texmf-dist/tex/generic/babel/babel.def
File: babel.def 2018/02/14 3.18 Babel common definitions
\babel@savecnt=\count87
\U@D=\dimen103

(/usr/share/texlive/texmf-dist/tex/generic/babel/txtbabel.def)
\bbl@dirlevel=\count88
)
\l@canadian = a dialect from \language\l@american 
\l@australian = a dialect from \language\l@british 
\l@newzealand = a dialect from \language\l@british 
))
(/usr/share/texlive/texmf-dist/tex/latex/base/inputenc.sty
Package: inputenc 2015/03/17 v1.2c Input encoding file
\inpenc@prehook=\toks14
\inpenc@posthook=\toks15

(/usr/share/texlive/texmf-dist/tex/latex/base/utf8.def
File: utf8.def 2017/01/28 v1.1t UTF-8 support for inputenc
Now handling font encoding OML ...
... no UTF-8 mapping file for font encoding OML
Now handling font encoding T1 ...
... processing UTF-8 mapping file for font encoding T1

(/usr/share/texlive/texmf-dist/tex/latex/base/t1enc.dfu
File: t1enc.dfu 2017/01/28 v1.1t UTF-8 support for inputenc
   defining Unicode char U+00A0 (decimal 160)
   defining Unicode char U+00A1 (decimal 161)
   defining Unicode char U+00A3 (decimal 163)
   defining Unicode char U+00AB (decimal 171)
   defining Unicode char U+00AD (decimal 173)
   defining Unicode char U+00BB (decimal 187)
   defining Unicode char U+00BF (decimal 191)
   defining Unicode char U+00C0 (decimal 192)
   defining Unicode char U+00C1 (decimal 193)
   defining Unicode char U+00C2 (decimal 194)
   defining Unicode char U+00C3 (decimal 195)
   defining Unicode char U+00C4 (decimal 196)
   defining Unicode char U+00C5 (decimal 197)
   defining Unicode char U+00C6 (decimal 198)
   defining Unicode char U+00C7 (decimal 199)
   defining Unicode char U+00C8 (decimal 200)
   defining Unicode char U+00C9 (decimal 201)
   defining Unicode char U+00CA (decimal 202)
   defining Unicode char U+00CB (decimal 203)
   defining Unicode char U+00CC (decimal 204)
   defining Unicode char U+00CD (decimal 205)
   defining Unicode char U+00CE (decimal 206)
   defining Unicode char U+00CF (decimal 207)
   defining Unicode char U+00D0 (decimal 208)
   defining Unicode char U+00D1 (decimal 209)
   defining Unicode char U+00D2 (decimal 210)
   defining Unicode char U+00D3 (decimal 211)
   defining Unicode char U+00D4 (decimal 212)
   defining Unicode char U+00D5 (decimal 213)
   defining Unicode char U+00D6 (decimal 214)
   defining Unicode char U+00D8 (decimal 216)
   defining Unicode char U+00D9 (decimal 217)
   defining Unicode char U+00DA (decimal 218)
   defining Unicode char U+00DB (decimal 219)
   defining Unicode char U+00DC (decimal 220)
   defining Unicode char U+00DD (decimal 221)
   defining Unicode char U+00DE (decimal 222)
   defining Unicode char U+00DF (decimal 223)
   defining Unicode char U+00E0 (decimal 224)
   defining Unicode char U+00E1 (decimal 225)
   defining Unicode char U+00E2 (decimal 226)
   defining Unicode char U+00E3 (decimal 227)
   defining Unicode char U+00E4 (decimal 228)
   defining Unicode char U+00E5 (decimal 229)
   defining Unicode char U+00E6 (decimal 230)
   defining Unicode char U+00E7 (decimal 231)
   defining Unicode char U+00E8 (decimal 232)
   defining Unicode char U+00E9 (decimal 233)
   defining Unicode char U+00EA (decimal 234)
   defining Unicode char U+00EB (decimal 235)
   defining Unicode char U+00EC (decimal 236)
   defining Unicode char U+00ED (decimal 237)
   defining Unicode char U+00EE (decimal 238)
   defining Unicode char U+00EF (decimal 239)
   defining Unicode char U+00F0 (decimal 240)
   defining Unicode char U+00F1 (decimal 241)
   defining Unicode char U+00F2 (decimal 242)
   defining Unicode char U+00F3 (decimal 243)
   defining Unicode char U+00F4 (decimal 244)
   defining Unicode char U+00F5 (decimal 245)
   defining Unicode char U+00F6 (decimal 246)
   defining Unicode char U+00F8 (decimal 248)
   defining Unicode char U+00F9 (decimal 249)
   defining Unicode char U+00FA (decimal 250)
   defining Unicode char U+00FB (decimal 251)
   defining Unicode char U+00FC (decimal 252)
   defining Unicode char U+00FD (decimal 253)
   defining Unicode char U+00FE (decimal 254)
   defining Unicode char U+00FF (decimal 255)
   defining Unicode char U+0100 (decimal 256)
   defining Unicode char U+0101 (decimal 257)
   defining Unicode char U+0102 (decimal 258)
   defining Unicode char U+0103 (decimal 259)
   defining Unicode char U+0104 (decimal 260)
   defining Unicode char U+0105 (decimal 261)
   defining Unicode char U+0106 (decimal 262)
   defining Unicode char U+0107 (decimal 263)
   defining Unicode char U+0108 (decimal 264)
   defining Unicode char U+0109 (decimal 265)
   defining Unicode char U+010A (decimal 266)
   defining Unicode char U+010B (decimal 267)
   defining Unicode char U+010C (decimal 268)
   defining Unicode char U+010D (decimal 269)
   defining Unicode char U+010E (decimal 270)
   defining Unicode char U+010F (decimal 271)
   defining Unicode char U+0110 (decimal 272)
   defining Unicode char U+0111 (decimal 273)
   defining Unicode char U+0112 (decimal 274)
   defining Unicode char U+0113 (decimal 275)
   defining Unicode char U+0114 (decimal 276)
   defining Unicode char U+0115 (decimal 277)
   defining Unicode char U+0116 (decimal 278)
   defining Unicode char U+0117 (decimal 279)
   defining Unicode char U+0118 (decimal 280)
   defining Unicode char U+0119 (decimal 281)
   defining Unicode char U+011A (decimal 282)
   defining Unicode char U+011B (decimal 283)
   defining Unicode char U+011C (decimal 284)
   defining Unicode char U+011D (decimal 285)
   defining Unicode char U+011E (decimal 286)
   defining Unicode char U+011F (decimal 287)
   defining Unicode char U+0120 (decimal 288)
   defining Unicode char U+0121 (decimal 289)
   defining Unicode char U+0122 (decimal 290)
   defining Unicode char U+0123 (decimal 291)
   defining Unicode char U+0124 (decimal 292)
   defining Unicode char U+0125 (decimal 293)
   defining Unicode char U+0128 (decimal 296)
   defining Unicode char U+0129 (decimal 297)
   defining Unicode char U+012A (decimal 298)
   defining Unicode char U+012B (decimal 299)
   defining Unicode char U+012C (decimal 300)
   defining Unicode char U+012D (decimal 301)
   defining Unicode char U+012E (decimal 302)
   defining Unicode char U+012F (decimal 303)
   defining Unicode char U+0130 (decimal 304)
   defining Unicode char U+0131 (decimal 305)
   defining Unicode char U+0132 (decimal 306)
   defining Unicode char U+0133 (decimal 307)
   defining Unicode char U+0134 (decimal 308)
   defining Unicode char U+0135 (decimal 309)
   defining Unicode char U+0136 (decimal 310)
   defining Unicode char U+0137 (decimal 311)
   defining Unicode char U+0139 (decimal 313)
   defining Unicode char U+013A (decimal 314)
   defining Unicode char U+013B (decimal 315)
   defining Unicode char U+013C (decimal 316)
   defining Unicode char U+013D (decimal 317)
   defining Unicode char U+013E (decimal 318)
   defining Unicode char U+0141 (decimal 321)
   defining Unicode char U+0142 (decimal 322)
   defining Unicode char U+0143 (decimal 323)
   defining Unicode char U+0144 (decimal 324)
   defining Unicode char U+0145 (decimal 325)
   defining Unicode char U+0146 (decimal 326)
   defining Unicode char U+0147 (decimal 327)
   defining Unicode char U+0148 (decimal 328)
   defining Unicode char U+014A (decimal 330)
   defining Unicode char U+014B (decimal 331)
   defining Unicode char U+014C (decimal 332)
   defining Unicode char U+014D (decimal 333)
   defining Unicode char U+014E (decimal 334)
   defining Unicode char U+014F (decimal 335)
   defining Unicode char U+0150 (decimal 336)
   defining Unicode char U+0151 (decimal 337)
   defining Unicode char U+0152 (decimal 338)
   defining Unicode char U+0153 (decimal 339)
   defining Unicode char U+0154 (decimal 340)
   defining Unicode char U+0155 (decimal 341)
   defining Unicode char U+0156 (decimal 342)
   defining Unicode char U+0157 (decimal 343)
   defining Unicode char U+0158 (decimal 344)
   defining Unicode char U+0159 (decimal 345)
   defining Unicode char U+015A (decimal 346)
   defining Unicode char U+015B (decimal 347)
   defining Unicode char U+015C (decimal 348)
   defining Unicode char U+015D (decimal 349)
   defining Unicode char U+015E (decimal 350)
   defining Unicode char U+015F (decimal 351)
   defining Unicode char U+0160 (decimal 352)
   defining Unicode char U+0161 (decimal 353)
   defining Unicode char U+0162 (decimal 354)
   defining Unicode char U+0163 (decimal 355)
   defining Unicode char U+0164 (decimal 356)
   defining Unicode char U+0165 (decimal 357)
   defining Unicode char U+0168 (decimal 360)
   defining Unicode char U+0169 (decimal 361)
   defining Unicode char U+016A (decimal 362)
   defining Unicode char U+016B (decimal 363)
   defining Unicode char U+016C (decimal 364)
   defining Unicode char U+016D (decimal 365)
   defining Unicode char U+016E (decimal 366)
   defining Unicode char U+016F (decimal 367)
   defining Unicode char U+0170 (decimal 368)
   defining Unicode char U+0171 (decimal 369)
   defining Unicode char U+0172 (decimal 370)
   defining Unicode char U+0173 (decimal 371)
   defining Unicode char U+0174 (decimal 372)
   defining Unicode char U+0175 (decimal 373)
   defining Unicode char U+0176 (decimal 374)
   defining Unicode char U+0177 (decimal 375)
   defining Unicode char U+0178 (decimal 376)
   defining Unicode char U+0179 (decimal 377)
   defining Unicode char U+017A (decimal 378)
   defining Unicode char U+017B (decimal 379)
   defining Unicode char U+017C (decimal 380)
   defining Unicode char U+017D (decimal 381)
   defining Unicode char U+017E (decimal 382)
   defining Unicode char U+01CD (decimal 461)
   defining Unicode char U+01CE (decimal 462)
   defining Unicode char U+01CF (decimal 463)
   defining Unicode char U+01D0 (decimal 464)
   defining Unicode char U+01D1 (decimal 465)
   defining Unicode char U+01D2 (decimal 466)
   defining Unicode char U+01D3 (decimal 467)
   defining Unicode char U+01D4 (decimal 468)
   defining Unicode char U+01E2 (decimal 482)
   defining Unicode char U+01E3 (decimal 483)
   defining Unicode char U+01E6 (decimal 486)
   defining Unicode char U+01E7 (decimal 487)
   defining Unicode char U+01E8 (decimal 488)
   defining Unicode char U+01E9 (decimal 489)
   defining Unicode char U+01EA (decimal 490)
   defining Unicode char U+01EB (decimal 491)
   defining Unicode char U+01F0 (decimal 496)
   defining Unicode char U+01F4 (decimal 500)
   defining Unicode char U+01F5 (decimal 501)
   defining Unicode char U+0218 (decimal 536)
   defining Unicode char U+0219 (decimal 537)
   defining Unicode char U+021A (decimal 538)
   defining Unicode char U+021B (decimal 539)
   defining Unicode char U+0232 (decimal 562)
   defining Unicode char U+0233 (decimal 563)
   defining Unicode char U+1E02 (decimal 7682)
   defining Unicode char U+1E03 (decimal 7683)
   defining Unicode char U+200C (decimal 8204)
   defining Unicode char U+2010 (decimal 8208)
   defining Unicode char U+2011 (decimal 8209)
   defining Unicode char U+2012 (decimal 8210)
   defining Unicode char U+2013 (decimal 8211)
   defining Unicode char U+2014 (decimal 8212)
   defining Unicode char U+2015 (decimal 8213)
   defining Unicode char U+2018 (decimal 8216)
   defining Unicode char U+2019 (decimal 8217)
   defining Unicode char U+201A (decimal 8218)
   defining Unicode char U+201C (decimal 8220)
   defining Unicode char U+201D (decimal 8221)
   defining Unicode char U+201E (decimal 8222)
   defining Unicode char U+2030 (decimal 8240)
   defining Unicode char U+2031 (decimal 8241)
   defining Unicode char U+2039 (decimal 8249)
   defining Unicode char U+203A (decimal 8250)
   defining Unicode char U+2423 (decimal 9251)
   defining Unicode char U+1E20 (decimal 7712)
   defining Unicode char U+1E21 (decimal 7713)
)
Now handling font encoding OT1 ...
... processing UTF-8 mapping file for font encoding OT1

(/usr/share/texlive/texmf-dist/tex/latex/base/ot1enc.dfu
File: ot1enc.dfu 2017/01/28 v1.1t UTF-8 support for inputenc
   defining Unicode char U+00A0 (decimal 160)
   defining Unicode char U+00A1 (decimal 161)
   defining Unicode char U+00A3 (decimal 163)
   defining Unicode char U+00AD (decimal 173)
   defining Unicode char U+00B8 (decimal 184)
   defining Unicode char U+00BF (decimal 191)
   defining Unicode char U+00C5 (decimal 197)
   defining Unicode char U+00C6 (decimal 198)
   defining Unicode char U+00D8 (decimal 216)
   defining Unicode char U+00DF (decimal 223)
   defining Unicode char U+00E6 (decimal 230)
   defining Unicode char U+00EC (decimal 236)
   defining Unicode char U+00ED (decimal 237)
   defining Unicode char U+00EE (decimal 238)
   defining Unicode char U+00EF (decimal 239)
   defining Unicode char U+00F8 (decimal 248)
   defining Unicode char U+0131 (decimal 305)
   defining Unicode char U+0141 (decimal 321)
   defining Unicode char U+0142 (decimal 322)
   defining Unicode char U+0152 (decimal 338)
   defining Unicode char U+0153 (decimal 339)
   defining Unicode char U+0174 (decimal 372)
   defining Unicode char U+0175 (decimal 373)
   defining Unicode char U+0176 (decimal 374)
   defining Unicode char U+0177 (decimal 375)
   defining Unicode char U+0218 (decimal 536)
   defining Unicode char U+0219 (decimal 537)
   defining Unicode char U+021A (decimal 538)
   defining Unicode char U+021B (decimal 539)
   defining Unicode char U+2013 (decimal 8211)
   defining Unicode char U+2014 (decimal 8212)
   defining Unicode char U+2018 (decimal 8216)
   defining Unicode char U+2019 (decimal 8217)
   defining Unicode char U+201C (decimal 8220)
   defining Unicode char U+201D (decimal 8221)
)
Now handling font encoding OMS ...
... processing UTF-8 mapping file for font encoding OMS

(/usr/share/texlive/texmf-dist/tex/latex/base/omsenc.dfu
File: omsenc.dfu 2017/01/28 v1.1t UTF-8 support for inputenc
   defining Unicode char U+00A7 (decimal 167)
   defining Unicode char U+00B6 (decimal 182)
   defining Unicode char U+00B7 (decimal 183)
   defining Unicode char U+2020 (decimal 8224)
   defining Unicode char U+2021 (decimal 8225)
   defining Unicode char U+2022 (decimal 8226)
)
Now handling font encoding OMX ...
... no UTF-8 mapping file for font encoding OMX
Now handling font encoding U ...
... no UTF-8 mapping file for font encoding U
   defining Unicode char U+00A9 (decimal 169)
   defining Unicode char U+00AA (decimal 170)
   defining Unicode char U+00AE (decimal 174)
   defining Unicode char U+00BA (decimal 186)
   defining Unicode char U+02C6 (decimal 710)
   defining Unicode char U+02DC (decimal 732)
   defining Unicode char U+200C (decimal 8204)
   defining Unicode char U+2026 (decimal 8230)
   defining Unicode char U+2122 (decimal 8482)
   defining Unicode char U+2423 (decimal 9251)
))
(/usr/share/texlive/texmf-dist/tex/latex/amsmath/amsmath.sty
Package: amsmath 2017/09/02 v2.17a AMS math features
\@mathmargin=\skip43

For additional information on amsmath, use the `?' option.
(/usr/share/texlive/texmf-dist/tex/latex/amsmath/amstext.sty
Package: amstext 2000/06/29 v2.01 AMS text

(/usr/share/texlive/texmf-dist/tex/latex/amsmath/amsgen.sty
File: amsgen.sty 1999/11/30 v2.0 generic functions
\@emptytoks=\toks16
\ex@=\dimen104
))
(/usr/share/texlive/texmf-dist/tex/latex/amsmath/amsbsy.sty
Package: amsbsy 1999/11/29 v1.2d Bold Symbols
\pmbraise@=\dimen105
)
(/usr/share/texlive/texmf-dist/tex/latex/amsmath/amsopn.sty
Package: amsopn 2016/03/08 v2.02 operator names
)
\inf@bad=\count89
LaTeX Info: Redefining \frac on input line 213.
\uproot@=\count90
\leftroot@=\count91
LaTeX Info: Redefining \overline on input line 375.
\classnum@=\count92
\DOTSCASE@=\count93
LaTeX Info: Redefining \ldots on input line 472.
LaTeX Info: Redefining \dots on input line 475.
LaTeX Info: Redefining \cdots on input line 596.
\Mathstrutbox@=\box26
\strutbox@=\box27
\big@size=\dimen106
LaTeX Font Info:    Redeclaring font encoding OML on input line 712.
LaTeX Font Info:    Redeclaring font encoding OMS on input line 713.
\macc@depth=\count94
\c@MaxMatrixCols=\count95
\dotsspace@=\muskip10
\c@parentequation=\count96
\dspbrk@lvl=\count97
\tag@help=\toks17
\row@=\count98
\column@=\count99
\maxfields@=\count100
\andhelp@=\toks18
\eqnshift@=\dimen107
\alignsep@=\dimen108
\tagshift@=\dimen109
\tagwidth@=\dimen110
\totwidth@=\dimen111
\lineht@=\dimen112
\@envbody=\toks19
\multlinegap=\skip44
\multlinetaggap=\skip45
\mathdisplay@stack=\toks20
LaTeX Info: Redefining \[ on input line 2817.
LaTeX Info: Redefining \] on input line 2818.
)
(/usr/share/texlive/texmf-dist/tex/latex/graphics/graphicx.sty
Package: graphicx 2017/06/01 v1.1a Enhanced LaTeX Graphics (DPC,SPQR)

(/usr/share/texlive/texmf-dist/tex/latex/graphics/keyval.sty
Package: keyval 2014/10/28 v1.15 key=value parser (DPC)
\KV@toks@=\toks21
)
(/usr/share/texlive/texmf-dist/tex/latex/graphics/graphics.sty
Package: graphics 2017/06/25 v1.2c Standard LaTeX Graphics (DPC,SPQR)

(/usr/share/texlive/texmf-dist/tex/latex/graphics/trig.sty
Package: trig 2016/01/03 v1.10 sin cos tan (DPC)
)
(/usr/share/texlive/texmf-dist/tex/latex/graphics-cfg/graphics.cfg
File: graphics.cfg 2016/06/04 v1.11 sample graphics configuration
)
Package graphics Info: Driver file: pdftex.def on input line 99.

(/usr/share/texlive/texmf-dist/tex/latex/graphics-def/pdftex.def
File: pdftex.def 2018/01/08 v1.0l Graphics/color driver for pdftex
))
\Gin@req@height=\dimen113
\Gin@req@width=\dimen114
)
(/usr/share/texlive/texmf-dist/tex/latex/caption/caption.sty
Package: caption 2016/02/21 v3.3-144 Customizing captions (AR)

(/usr/share/texlive/texmf-dist/tex/latex/caption/caption3.sty
Package: caption3 2016/05/22 v1.7-166 caption3 kernel (AR)
Package caption3 Info: TeX engine: e-TeX on input line 67.
\captionmargin=\dimen115
\captionmargin@=\dimen116
\captionwidth=\dimen117
\caption@tempdima=\dimen118
\caption@indent=\dimen119
\caption@parindent=\dimen120
\caption@hangindent=\dimen121
)
\c@ContinuedFloat=\count101
)
(/usr/share/texlive/texmf-dist/tex/latex/natbib/natbib.sty
Package: natbib 2010/09/13 8.31b (PWD, AO)
\bibhang=\skip46
\bibsep=\skip47
LaTeX Info: Redefining \cite on input line 694.
\c@NAT@ctr=\count102
)
(/usr/share/texlive/texmf-dist/tex/latex/floatrow/floatrow.sty
Package: floatrow 2008/08/02 v0.3b floatrow: float package extension
\c@float@type=\count103
\float@exts=\toks22
\float@box=\box28
\@floatcapt=\box29
Package floatrow Info: Modified float package code loaded on input line 455.
Package floatrow Info: Modified rotfloat package code loaded on input line 473.

\FR@everyfloat=\toks23
\flrow@foot=\insert199
\FB@wd=\dimen122
\FBo@wd=\dimen123
\FBc@wd=\dimen124
\FBo@ht=\skip48
\FBc@ht=\skip49
\FBf@ht=\skip50
\FBo@max=\skip51
\FBc@max=\skip52
\FBf@max=\skip53
\c@FBl@b=\count104
\floatbox@depth=\count105
\c@FRobj=\count106
\c@FRsobj=\count107
\Xhsize=\skip54
\sXhsize=\skip55
\Zhsize=\skip56
\sZhsize=\skip57
\flrow@rowbox=\box30
\FR@Zunitlength=\dimen125
\c@FBcnt=\count108
\FPOScnt=\count109
\LTleft=\skip58
\LTright=\skip59
\LTleft=\skip60
\LTright=\skip61
\flrow@types=\toks24
)
(/usr/share/texlive/texmf-dist/tex/latex/subfig/subfig.sty
Package: subfig 2005/06/28 ver: 1.3 subfig package
\c@KVtest=\count110
\sf@farskip=\skip62
\sf@captopadj=\dimen126
\sf@capskip=\skip63
\sf@nearskip=\skip64
\c@subfigure=\count111
\c@subfigure@save=\count112
\c@lofdepth=\count113
\c@subtable=\count114
\c@subtable@save=\count115
\c@lotdepth=\count116
\sf@top=\skip65
\sf@bottom=\skip66
)
(/usr/share/texlive/texmf-dist/tex/latex/geometry/geometry.sty
Package: geometry 2010/09/12 v5.6 Page Geometry

(/usr/share/texlive/texmf-dist/tex/generic/oberdiek/ifpdf.sty
Package: ifpdf 2017/03/15 v3.2 Provides the ifpdf switch
)
(/usr/share/texlive/texmf-dist/tex/generic/oberdiek/ifvtex.sty
Package: ifvtex 2016/05/16 v1.6 Detect VTeX and its facilities (HO)
Package ifvtex Info: VTeX not detected.
)
(/usr/share/texlive/texmf-dist/tex/generic/ifxetex/ifxetex.sty
Package: ifxetex 2010/09/12 v0.6 Provides ifxetex conditional
)
\Gm@cnth=\count117
\Gm@cntv=\count118
\c@Gm@tempcnt=\count119
\Gm@bindingoffset=\dimen127
\Gm@wd@mp=\dimen128
\Gm@odd@mp=\dimen129
\Gm@even@mp=\dimen130
\Gm@layoutwidth=\dimen131
\Gm@layoutheight=\dimen132
\Gm@layouthoffset=\dimen133
\Gm@layoutvoffset=\dimen134
\Gm@dimlist=\toks25
)
(/usr/share/texlive/texmf-dist/tex/latex/xcolor/xcolor.sty
Package: xcolor 2016/05/11 v2.12 LaTeX color extensions (UK)

(/usr/share/texlive/texmf-dist/tex/latex/graphics-cfg/color.cfg
File: color.cfg 2016/01/02 v1.6 sample color configuration
)
Package xcolor Info: Driver file: pdftex.def on input line 225.

(/usr/share/texlive/texmf-dist/tex/latex/colortbl/colortbl.sty
Package: colortbl 2012/02/13 v1.0a Color table columns (DPC)

(/usr/share/texlive/texmf-dist/tex/latex/tools/array.sty
Package: array 2016/10/06 v2.4d Tabular extension package (FMi)
\col@sep=\dimen135
\extrarowheight=\dimen136
\NC@list=\toks26
\extratabsurround=\skip67
\backup@length=\skip68
)
\everycr=\toks27
\minrowclearance=\skip69
)
\rownum=\count120
Package xcolor Info: Model `cmy' substituted by `cmy0' on input line 1348.
Package xcolor Info: Model `hsb' substituted by `rgb' on input line 1352.
Package xcolor Info: Model `RGB' extended on input line 1364.
Package xcolor Info: Model `HTML' substituted by `rgb' on input line 1366.
Package xcolor Info: Model `Hsb' substituted by `hsb' on input line 1367.
Package xcolor Info: Model `tHsb' substituted by `hsb' on input line 1368.
Package xcolor Info: Model `HSB' substituted by `hsb' on input line 1369.
Package xcolor Info: Model `Gray' substituted by `gray' on input line 1370.
Package xcolor Info: Model `wave' substituted by `hsb' on input line 1371.
)
(/usr/share/texlive/texmf-dist/tex/latex/oberdiek/pdflscape.sty
Package: pdflscape 2016/05/14 v0.11 Display of landscape pages in PDF (HO)

(/usr/share/texlive/texmf-dist/tex/latex/graphics/lscape.sty
Package: lscape 2000/10/22 v3.01 Landscape Pages (DPC)
)
Package pdflscape Info: Auto-detected driver: pdftex on input line 81.
)
(./passage_supp_figures.aux

LaTeX Warning: Label `main:a' multiply defined.


LaTeX Warning: Label `sub@main:a' multiply defined.


LaTeX Warning: Label `main:c' multiply defined.


LaTeX Warning: Label `sub@main:c' multiply defined.


LaTeX Warning: Label `main:a' multiply defined.


LaTeX Warning: Label `sub@main:a' multiply defined.


LaTeX Warning: Label `main:c' multiply defined.


LaTeX Warning: Label `sub@main:c' multiply defined.


LaTeX Warning: Label `main:b' multiply defined.


LaTeX Warning: Label `sub@main:b' multiply defined.


LaTeX Warning: Label `main:a' multiply defined.


LaTeX Warning: Label `sub@main:a' multiply defined.


LaTeX Warning: Label `main:c' multiply defined.


LaTeX Warning: Label `sub@main:c' multiply defined.


LaTeX Warning: Label `main:a' multiply defined.


LaTeX Warning: Label `sub@main:a' multiply defined.


LaTeX Warning: Label `main:c' multiply defined.


LaTeX Warning: Label `sub@main:c' multiply defined.


LaTeX Warning: Label `main:b' multiply defined.


LaTeX Warning: Label `sub@main:b' multiply defined.


LaTeX Warning: Label `main:a' multiply defined.


LaTeX Warning: Label `sub@main:a' multiply defined.


LaTeX Warning: Label `main:c' multiply defined.


LaTeX Warning: Label `sub@main:c' multiply defined.

)
\openout1 = `passage_supp_figures.aux'.

LaTeX Font Info:    Checking defaults for OML/cmm/m/it on input line 34.
LaTeX Font Info:    ... okay on input line 34.
LaTeX Font Info:    Checking defaults for T1/cmr/m/n on input line 34.
LaTeX Font Info:    ... okay on input line 34.
LaTeX Font Info:    Checking defaults for OT1/cmr/m/n on input line 34.
LaTeX Font Info:    ... okay on input line 34.
LaTeX Font Info:    Checking defaults for OMS/cmsy/m/n on input line 34.
LaTeX Font Info:    ... okay on input line 34.
LaTeX Font Info:    Checking defaults for OMX/cmex/m/n on input line 34.
LaTeX Font Info:    ... okay on input line 34.
LaTeX Font Info:    Checking defaults for U/cmr/m/n on input line 34.
LaTeX Font Info:    ... okay on input line 34.
 (/usr/share/texlive/texmf-dist/tex/context/base/mkii/supp-pdf.mkii
[Loading MPS to PDF converter (version 2006.09.02).]
\scratchcounter=\count121
\scratchdimen=\dimen137
\scratchbox=\box31
\nofMPsegments=\count122
\nofMParguments=\count123
\everyMPshowfont=\toks28
\MPscratchCnt=\count124
\MPscratchDim=\dimen138
\MPnumerator=\count125
\makeMPintoPDFobject=\count126
\everyMPtoPDFconversion=\toks29
) (/usr/share/texlive/texmf-dist/tex/latex/oberdiek/epstopdf-base.sty
Package: epstopdf-base 2016/05/15 v2.6 Base part for package epstopdf

(/usr/share/texlive/texmf-dist/tex/generic/oberdiek/infwarerr.sty
Package: infwarerr 2016/05/16 v1.4 Providing info/warning/error messages (HO)
)
(/usr/share/texlive/texmf-dist/tex/latex/oberdiek/grfext.sty
Package: grfext 2016/05/16 v1.2 Manage graphics extensions (HO)

(/usr/share/texlive/texmf-dist/tex/generic/oberdiek/kvdefinekeys.sty
Package: kvdefinekeys 2016/05/16 v1.4 Define keys (HO)

(/usr/share/texlive/texmf-dist/tex/generic/oberdiek/ltxcmds.sty
Package: ltxcmds 2016/05/16 v1.23 LaTeX kernel commands for general use (HO)
)))
(/usr/share/texlive/texmf-dist/tex/latex/oberdiek/kvoptions.sty
Package: kvoptions 2016/05/16 v3.12 Key value format for package options (HO)

(/usr/share/texlive/texmf-dist/tex/generic/oberdiek/kvsetkeys.sty
Package: kvsetkeys 2016/05/16 v1.17 Key value parser (HO)

(/usr/share/texlive/texmf-dist/tex/generic/oberdiek/etexcmds.sty
Package: etexcmds 2016/05/16 v1.6 Avoid name clashes with e-TeX commands (HO)

(/usr/share/texlive/texmf-dist/tex/generic/oberdiek/ifluatex.sty
Package: ifluatex 2016/05/16 v1.4 Provides the ifluatex switch (HO)
Package ifluatex Info: LuaTeX not detected.
)
Package etexcmds Info: Could not find \expanded.
(etexcmds)             That can mean that you are not using pdfTeX 1.50 or
(etexcmds)             that some package has redefined \expanded.
(etexcmds)             In the latter case, load this package earlier.
)))
(/usr/share/texlive/texmf-dist/tex/generic/oberdiek/pdftexcmds.sty
Package: pdftexcmds 2018/01/21 v0.26 Utility functions of pdfTeX for LuaTeX (HO
)
Package pdftexcmds Info: LuaTeX not detected.
Package pdftexcmds Info: \pdf@primitive is available.
Package pdftexcmds Info: \pdf@ifprimitive is available.
Package pdftexcmds Info: \pdfdraftmode found.
)
Package epstopdf-base Info: Redefining graphics rule for `.eps' on input line 4
38.
Package grfext Info: Graphics extension search list:
(grfext)             [.pdf,.png,.jpg,.mps,.jpeg,.jbig2,.jb2,.PDF,.PNG,.JPG,.JPE
G,.JBIG2,.JB2,.eps]
(grfext)             \AppendGraphicsExtensions on input line 456.

(/usr/share/texlive/texmf-dist/tex/latex/latexconfig/epstopdf-sys.cfg
File: epstopdf-sys.cfg 2010/07/13 v1.3 Configuration of (r)epstopdf for TeX Liv
e
))
Package caption Info: Begin \AtBeginDocument code.
Package caption Info: subfig package v1.3 is loaded.
Package caption Info: floatrow package is loaded.
Package caption Info: float package is loaded.
Package caption Info: floatrow package is loaded.
Package caption Info: End \AtBeginDocument code.

(/usr/share/texlive/texmf-dist/tex/latex/floatrow/fr-subfig.sty
Package: fr-subfig 2007/12/24 v0.1g (beta) floatrow: additions for subfig
\FBsc@max=\skip70
\FBso@max=\skip71
)
*geometry* driver: auto-detecting
*geometry* detected driver: pdftex
*geometry* verbose mode - [ preamble ] result:
* driver: pdftex
* paper: a4paper
* layout: <same size as paper>
* layoutoffset:(h,v)=(0.0pt,0.0pt)
* modes: 
* h-part:(L,W,R)=(90.3375pt, 416.83289pt, 90.3375pt)
* v-part:(T,H,B)=(90.3375pt, 664.37186pt, 90.3375pt)
* \paperwidth=597.50787pt
* \paperheight=845.04684pt
* \textwidth=416.83289pt
* \textheight=664.37186pt
* \oddsidemargin=18.0675pt
* \evensidemargin=18.0675pt
* \topmargin=-18.9325pt
* \headheight=12.0pt
* \headsep=25.0pt
* \topskip=10.0pt
* \footskip=30.0pt
* \marginparwidth=57.0pt
* \marginparsep=11.0pt
* \columnsep=10.0pt
* \skip\footins=9.0pt plus 4.0pt minus 2.0pt
* \hoffset=0.0pt
* \voffset=0.0pt
* \mag=1000
* \@twocolumnfalse
* \@twosidefalse
* \@mparswitchfalse
* \@reversemarginfalse
* (1in=72.27pt=25.4mm, 1cm=28.453pt)


Underfull \hbox (badness 10000) in paragraph at lines 38--45

 []


Underfull \hbox (badness 10000) in paragraph at lines 38--45

 []

<../figs/heat_scree_EPIC_organoid.pdf, id=1, 650.43pt x 433.62pt>
File: ../figs/heat_scree_EPIC_organoid.pdf Graphic file (type pdf)
<use ../figs/heat_scree_EPIC_organoid.pdf>
Package pdftex.def Info: ../figs/heat_scree_EPIC_organoid.pdf  used on input li
ne 52.
(pdftex.def)             Requested size: 416.83289pt x 277.89299pt.
<../figs/Passage_all_CpGs.pdf, id=2, 271.0125pt x 180.675pt>
File: ../figs/Passage_all_CpGs.pdf Graphic file (type pdf)
<use ../figs/Passage_all_CpGs.pdf>
Package pdftex.def Info: ../figs/Passage_all_CpGs.pdf  used on input line 57.
(pdftex.def)             Requested size: 375.14705pt x 250.10643pt.
<../figs/MTAB4957_beta_notfetal_with_primary.pdf, id=3, 271.0125pt x 180.675pt>

File: ../figs/MTAB4957_beta_notfetal_with_primary.pdf Graphic file (type pdf)
<use ../figs/MTAB4957_beta_notfetal_with_primary.pdf>
Package pdftex.def Info: ../figs/MTAB4957_beta_notfetal_with_primary.pdf  used 
on input line 74.
(pdftex.def)             Requested size: 187.57352pt x 125.05183pt.

Overfull \hbox (9.76393pt too wide) in paragraph at lines 74--75
[][] 
 []

<../figs/MTAB4957_mixture_model_prior_I_threshold.pdf, id=4, 216.81pt x 144.54p
t>
File: ../figs/MTAB4957_mixture_model_prior_I_threshold.pdf Graphic file (type p
df)
<use ../figs/MTAB4957_mixture_model_prior_I_threshold.pdf>
Package pdftex.def Info: ../figs/MTAB4957_mixture_model_prior_I_threshold.pdf  
used on input line 79.
(pdftex.def)             Requested size: 187.57352pt x 125.05623pt.

Overfull \hbox (10.44449pt too wide) in paragraph at lines 79--80
 [][] 
 []

<../figs/MTAB4957_beta_paired_notfetal.pdf, id=5, 361.35pt x 158.5925pt>
File: ../figs/MTAB4957_beta_paired_notfetal.pdf Graphic file (type pdf)
<use ../figs/MTAB4957_beta_paired_notfetal.pdf>
Package pdftex.def Info: ../figs/MTAB4957_beta_paired_notfetal.pdf  used on inp
ut line 83.
(pdftex.def)             Requested size: 208.41644pt x 91.47067pt.
<../figs/Passage_differential_CpGs_MTAB4957.pdf, id=6, 343.2825pt x 289.08pt>
File: ../figs/Passage_differential_CpGs_MTAB4957.pdf Graphic file (type pdf)
<use ../figs/Passage_differential_CpGs_MTAB4957.pdf>
Package pdftex.def Info: ../figs/Passage_differential_CpGs_MTAB4957.pdf  used o
n input line 86.
(pdftex.def)             Requested size: 187.57352pt x 157.95349pt.

Overfull \hbox (10.44449pt too wide) in paragraph at lines 86--87
[][] 
 []

<../figs/jpeg/MTAB_db_directionality.jpeg, id=7, 361.35pt x 271.0125pt>
File: ../figs/jpeg/MTAB_db_directionality.jpeg Graphic file (type jpg)
<use ../figs/jpeg/MTAB_db_directionality.jpeg>
Package pdftex.def Info: ../figs/jpeg/MTAB_db_directionality.jpeg  used on inpu
t line 91.
(pdftex.def)             Requested size: 187.57352pt x 140.67918pt.

Overfull \hbox (9.48892pt too wide) in paragraph at lines 91--92
 [][] 
 []

<../figs/MTAB4957_EPIC_beta_paired.pdf, id=8, 433.62pt x 433.62pt>
File: ../figs/MTAB4957_EPIC_beta_paired.pdf Graphic file (type pdf)
<use ../figs/MTAB4957_EPIC_beta_paired.pdf>
Package pdftex.def Info: ../figs/MTAB4957_EPIC_beta_paired.pdf  used on input l
ine 103.
(pdftex.def)             Requested size: 416.83289pt x 416.85272pt.
<../figs/GSE141256_variable_CpGs.pdf, id=9, 271.0125pt x 180.675pt>
File: ../figs/GSE141256_variable_CpGs.pdf Graphic file (type pdf)
<use ../figs/GSE141256_variable_CpGs.pdf>
Package pdftex.def Info: ../figs/GSE141256_variable_CpGs.pdf  used on input lin
e 114.
(pdftex.def)             Requested size: 166.7306pt x 111.15718pt.

Overfull \hbox (9.76393pt too wide) in paragraph at lines 114--115
[][] 
 []

<../figs/GSE141256_Mixture_model_prior_I_threshold.pdf, id=10, 216.81pt x 144.5
4pt>
File: ../figs/GSE141256_Mixture_model_prior_I_threshold.pdf Graphic file (type 
pdf)
<use ../figs/GSE141256_Mixture_model_prior_I_threshold.pdf>
Package pdftex.def Info: ../figs/GSE141256_Mixture_model_prior_I_threshold.pdf 
 used on input line 119.
(pdftex.def)             Requested size: 166.7306pt x 111.15938pt.

Overfull \hbox (10.44449pt too wide) in paragraph at lines 119--120
 [][] 
 []

<../figs/GSE141256_paired_beta.pdf, id=11, 361.35pt x 158.5925pt>
File: ../figs/GSE141256_paired_beta.pdf Graphic file (type pdf)
<use ../figs/GSE141256_paired_beta.pdf>
Package pdftex.def Info: ../figs/GSE141256_paired_beta.pdf  used on input line 
123.
(pdftex.def)             Requested size: 208.41644pt x 91.47067pt.
<../figs/Passage_differential_CpGs_GSE141256.pdf, id=12, 343.2825pt x 289.08pt>

File: ../figs/Passage_differential_CpGs_GSE141256.pdf Graphic file (type pdf)
<use ../figs/Passage_differential_CpGs_GSE141256.pdf>
Package pdftex.def Info: ../figs/Passage_differential_CpGs_GSE141256.pdf  used 
on input line 126.
(pdftex.def)             Requested size: 187.57352pt x 157.95349pt.

Overfull \hbox (10.44449pt too wide) in paragraph at lines 126--127
[][] 
 []

<../figs/jpeg/GSE141256_db_directionality.jpeg, id=13, 361.35pt x 271.0125pt>
File: ../figs/jpeg/GSE141256_db_directionality.jpeg Graphic file (type jpg)
<use ../figs/jpeg/GSE141256_db_directionality.jpeg>
Package pdftex.def Info: ../figs/jpeg/GSE141256_db_directionality.jpeg  used on
 input line 131.
(pdftex.def)             Requested size: 187.57352pt x 140.67918pt.

Overfull \hbox (9.48892pt too wide) in paragraph at lines 131--132
 [][] 
 []

<../figs/MTAB4957_beta_fetal_with_primary.pdf, id=14, 271.0125pt x 180.675pt>
File: ../figs/MTAB4957_beta_fetal_with_primary.pdf Graphic file (type pdf)
<use ../figs/MTAB4957_beta_fetal_with_primary.pdf>
Package pdftex.def Info: ../figs/MTAB4957_beta_fetal_with_primary.pdf  used on 
input line 148.
(pdftex.def)             Requested size: 166.7306pt x 111.15718pt.

Overfull \hbox (9.76393pt too wide) in paragraph at lines 148--149
[][] 
 []

<../figs/MTAB4957_fetal_mixture_model_prior_I_threshold.pdf, id=15, 216.81pt x 
144.54pt>
File: ../figs/MTAB4957_fetal_mixture_model_prior_I_threshold.pdf Graphic file (
type pdf)
<use ../figs/MTAB4957_fetal_mixture_model_prior_I_threshold.pdf>
Package pdftex.def Info: ../figs/MTAB4957_fetal_mixture_model_prior_I_threshold
.pdf  used on input line 153.
(pdftex.def)             Requested size: 166.7306pt x 111.15938pt.

Overfull \hbox (10.44449pt too wide) in paragraph at lines 153--154
 [][] 
 []

<../figs/MTAB4957_beta_paired_fetal.pdf, id=16, 433.62pt x 271.0125pt>
File: ../figs/MTAB4957_beta_paired_fetal.pdf Graphic file (type pdf)
<use ../figs/MTAB4957_beta_paired_fetal.pdf>
Package pdftex.def Info: ../figs/MTAB4957_beta_paired_fetal.pdf  used on input 
line 157.
(pdftex.def)             Requested size: 333.46758pt x 208.42801pt.
<../figs/Passage_differential_CpGs_MTAB4957_fetal.pdf, id=17, 343.2825pt x 289.
08pt>
File: ../figs/Passage_differential_CpGs_MTAB4957_fetal.pdf Graphic file (type p
df)
<use ../figs/Passage_differential_CpGs_MTAB4957_fetal.pdf>
Package pdftex.def Info: ../figs/Passage_differential_CpGs_MTAB4957_fetal.pdf  
used on input line 160.
(pdftex.def)             Requested size: 187.57352pt x 157.95349pt.

Overfull \hbox (10.44449pt too wide) in paragraph at lines 160--161
[][] 
 []

<../figs/jpeg/MTAB_db_directionality_fetal.jpeg, id=18, 361.35pt x 271.0125pt>
File: ../figs/jpeg/MTAB_db_directionality_fetal.jpeg Graphic file (type jpg)
<use ../figs/jpeg/MTAB_db_directionality_fetal.jpeg>
Package pdftex.def Info: ../figs/jpeg/MTAB_db_directionality_fetal.jpeg  used o
n input line 165.
(pdftex.def)             Requested size: 187.57352pt x 140.67918pt.

Overfull \hbox (9.48892pt too wide) in paragraph at lines 165--166
 [][] 
 []

<../figs/EPIC_distribution_reg_CpGs.pdf, id=19, 433.62pt x 433.62pt>
File: ../figs/EPIC_distribution_reg_CpGs.pdf Graphic file (type pdf)
<use ../figs/EPIC_distribution_reg_CpGs.pdf>
Package pdftex.def Info: ../figs/EPIC_distribution_reg_CpGs.pdf  used on input 
line 181.
(pdftex.def)             Requested size: 333.46758pt x 333.48482pt.
<../figs/cancer_public_same_variable_cpg_num.pdf, id=20, 722.7pt x 361.35pt>
File: ../figs/cancer_public_same_variable_cpg_num.pdf Graphic file (type pdf)
<use ../figs/cancer_public_same_variable_cpg_num.pdf>
Package pdftex.def Info: ../figs/cancer_public_same_variable_cpg_num.pdf  used 
on input line 186.
(pdftex.def)             Requested size: 416.83289pt x 208.41423pt.
<../figs/GSE144213_variable_CpGs.pdf, id=21, 542.025pt x 1084.05pt>
File: ../figs/GSE144213_variable_CpGs.pdf Graphic file (type pdf)
<use ../figs/GSE144213_variable_CpGs.pdf>
Package pdftex.def Info: ../figs/GSE144213_variable_CpGs.pdf  used on input lin
e 192.
(pdftex.def)             Requested size: 291.78174pt x 583.57529pt.
[1

{/var/lib/texmf/fonts/map/pdftex/updmap/pdftex.map}] [2 <../figs/heat_scree_EPI
C_organoid.pdf> <../figs/Passage_all_CpGs.pdf>] [3 <../figs/MTAB4957_beta_notfe
tal_with_primary.pdf> <../figs/MTAB4957_mixture_model_prior_I_threshold.pdf> <.
./figs/MTAB4957_beta_paired_notfetal.pdf> <../figs/Passage_differential_CpGs_MT
AB4957.pdf> <../figs/jpeg/MTAB_db_directionality.jpeg>] [4 <../figs/MTAB4957_EP
IC_beta_paired.pdf>] [5 <../figs/GSE141256_variable_CpGs.pdf> <../figs/GSE14125
6_Mixture_model_prior_I_threshold.pdf> <../figs/GSE141256_paired_beta.pdf> <../
figs/Passage_differential_CpGs_GSE141256.pdf> <../figs/jpeg/GSE141256_db_direct
ionality.jpeg>] [6 <../figs/MTAB4957_beta_fetal_with_primary.pdf> <../figs/MTAB
4957_fetal_mixture_model_prior_I_threshold.pdf> <../figs/MTAB4957_beta_paired_f
etal.pdf> <../figs/Passage_differential_CpGs_MTAB4957_fetal.pdf> <../figs/jpeg/
MTAB_db_directionality_fetal.jpeg>] [7 <../figs/EPIC_distribution_reg_CpGs.pdf>
 <../figs/cancer_public_same_variable_cpg_num.pdf>] [8 <../figs/GSE144213_varia
ble_CpGs.pdf>] (./passage_supp_figures.aux)

LaTeX Warning: There were multiply-defined labels.

 ) 
Here is how much of TeX's memory you used:
 6102 strings out of 492982
 89406 string characters out of 6134897
 188492 words of memory out of 5000000
 9552 multiletter control sequences out of 15000+600000
 8420 words of font info for 31 fonts, out of 8000000 for 9000
 1141 hyphenation exceptions out of 8191
 41i,9n,41p,1093b,538s stack positions out of 5000i,500n,10000p,200000b,80000s
</usr/share/texlive/texmf-dist/fonts/type1/public/amsfonts/cm/cmbx10.pfb></us
r/share/texlive/texmf-dist/fonts/type1/public/amsfonts/cm/cmbx8.pfb></usr/share
/texlive/texmf-dist/fonts/type1/public/amsfonts/cm/cmr10.pfb></usr/share/texliv
e/texmf-dist/fonts/type1/public/amsfonts/cm/cmr12.pfb></usr/share/texlive/texmf
-dist/fonts/type1/public/amsfonts/cm/cmr17.pfb>
Output written on passage_supp_figures.pdf (8 pages, 949945 bytes).
PDF statistics:
 169 PDF objects out of 1000 (max. 8388607)
 113 compressed objects within 2 object streams
 0 named destinations out of 1000 (max. 500000)
 106 words of extra memory for PDF output out of 10000 (max. 10000000)

